<?xml version="1.0" encoding="UTF-8"?>
<!-- Generated by org.testng.reporters.JUnitReportReporter -->
<testsuite hostname="DESKTOP-JHH9V7V" failures="0" tests="1" name="com.salesforce.TestCase3" time="17.898" errors="0" timestamp="2024-05-30T22:25:38 EDT" skipped="0">
  <testcase classname="com.salesforce.TestCase3" name="tc_3" time="17.898"/>
  <system-out/>
</testsuite> <!-- com.salesforce.TestCase3 -->
