<?xml version="1.0" encoding="UTF-8"?>
<!-- Generated by org.testng.reporters.JUnitReportReporter -->
<testsuite hostname="DESKTOP-JHH9V7V" failures="0" tests="1" name="com.salesforce.TestCase4" time="10.329" errors="0" timestamp="2024-05-30T23:07:58 EDT" skipped="0">
  <testcase classname="com.salesforce.TestCase4" name="tc_4" time="10.329"/>
  <system-out/>
</testsuite> <!-- com.salesforce.TestCase4 -->
